This is pdfTeX, Version 3.1415926-2.3-1.40.12 (MiKTeX 2.9) (preloaded format=pdflatex 2015.12.30)  21 JUL 2016 17:33
entering extended mode
**C:/Users/ylzhang/Desktop/SAT/formatting-instructions-latex.tex
(C:/Users/ylzhang/Desktop/SAT/formatting-instructions-latex.tex
LaTeX2e <2011/06/27>
Babel <v3.8m> and hyphenation patterns for loaded.
(C:\CTEX\MiKTeX\tex\latex\base\article.cls
Document Class: article 2007/10/19 v1.4h Standard LaTeX document class
(C:\CTEX\MiKTeX\tex\latex\base\size10.clo
File: size10.clo 2007/10/19 v1.4h Standard LaTeX file (size option)
)
\c@part=\count79
\c@section=\count80
\c@subsection=\count81
\c@subsubsection=\count82
\c@paragraph=\count83
\c@subparagraph=\count84
\c@figure=\count85
\c@table=\count86
\abovecaptionskip=\skip41
\belowcaptionskip=\skip42
\bibindent=\dimen102
)
(C:\Users\ylzhang\Desktop\SAT\aaai16.sty
Conference Style for AAAI for LaTeX 2e -- version of 1 January 2016
\titlebox=\skip43
) (C:\CTEX\MiKTeX\tex\latex\psnfss\times.sty
Package: times 2005/04/12 PSNFSS-v9.2a (SPQR) 
)
(C:\CTEX\MiKTeX\tex\latex\psnfss\helvet.sty
Package: helvet 2005/04/12 PSNFSS-v9.2a (WaS) 

(C:\CTEX\MiKTeX\tex\latex\graphics\keyval.sty
Package: keyval 1999/03/16 v1.13 key=value parser (DPC)
\KV@toks@=\toks14
))
(C:\CTEX\MiKTeX\tex\latex\psnfss\courier.sty
Package: courier 2005/04/12 PSNFSS-v9.2a (WaS) 
)
(C:\Users\ylzhang\Desktop\SAT\formatting-instructions-latex.aux)
LaTeX Font Info:    Checking defaults for OML/cmm/m/it on input line 15.
LaTeX Font Info:    ... okay on input line 15.
LaTeX Font Info:    Checking defaults for T1/cmr/m/n on input line 15.
LaTeX Font Info:    ... okay on input line 15.
LaTeX Font Info:    Checking defaults for OT1/cmr/m/n on input line 15.
LaTeX Font Info:    ... okay on input line 15.
LaTeX Font Info:    Checking defaults for OMS/cmsy/m/n on input line 15.
LaTeX Font Info:    ... okay on input line 15.
LaTeX Font Info:    Checking defaults for OMX/cmex/m/n on input line 15.
LaTeX Font Info:    ... okay on input line 15.
LaTeX Font Info:    Checking defaults for U/cmr/m/n on input line 15.
LaTeX Font Info:    ... okay on input line 15.
LaTeX Font Info:    Try loading font information for OT1+ptm on input line 15.

(C:\CTEX\MiKTeX\tex\latex\psnfss\ot1ptm.fd
File: ot1ptm.fd 2001/06/04 font definitions for OT1/ptm.
)
LaTeX Font Info:    Font shape `OT1/ptm/bx/n' in size <14.4> not available
(Font)              Font shape `OT1/ptm/b/n' tried instead on input line 25.
LaTeX Font Info:    External font `cmex10' loaded for size
(Font)              <14.4> on input line 25.
LaTeX Font Info:    External font `cmex10' loaded for size
(Font)              <7> on input line 25.
LaTeX Font Info:    Font shape `OT1/ptm/bx/n' in size <10> not available
(Font)              Font shape `OT1/ptm/b/n' tried instead on input line 25.
LaTeX Font Info:    External font `cmex10' loaded for size
(Font)              <5> on input line 25.
LaTeX Font Info:    Font shape `OT1/ptm/bx/n' in size <12> not available
(Font)              Font shape `OT1/ptm/b/n' tried instead on input line 25.
LaTeX Font Info:    Try loading font information for OMS+ptm on input line 25.

(C:\CTEX\MiKTeX\tex\latex\psnfss\omsptm.fd
File: omsptm.fd 
)
LaTeX Font Info:    Font shape `OMS/ptm/m/n' in size <9> not available
(Font)              Font shape `OMS/cmsy/m/n' tried instead on input line 25.
LaTeX Font Info:    Font shape `OMS/ptm/m/n' in size <10> not available
(Font)              Font shape `OMS/cmsy/m/n' tried instead on input line 37.
 [1{C:/CTEX/UserData/pdftex/config/pdftex.map{Unicode.sfd}{UGBK.sfd}}



]
LaTeX Font Info:    External font `cmex10' loaded for size
(Font)              <12> on input line 92.
LaTeX Font Info:    External font `cmex10' loaded for size
(Font)              <8> on input line 92.
LaTeX Font Info:    External font `cmex10' loaded for size
(Font)              <6> on input line 92.
LaTeX Font Info:    Font shape `OT1/ptm/bx/n' in size <8> not available
(Font)              Font shape `OT1/ptm/b/n' tried instead on input line 92.
LaTeX Font Info:    Font shape `OT1/ptm/bx/n' in size <10.95> not available
(Font)              Font shape `OT1/ptm/b/n' tried instead on input line 96.
LaTeX Font Info:    External font `cmex10' loaded for size
(Font)              <9> on input line 114.

Underfull \hbox (badness 10000) in paragraph at lines 105--144
\OMS/cmsy/m/n/9 n\OT1/ptm/m/n/9 setlength\OMS/cmsy/m/n/9 fn\OT1/ptm/m/n/9 pdfpa
gewidth\OMS/cmsy/m/n/9 gf\OT1/ptm/m/n/9 8.5in\OMS/cmsy/m/n/9 g
 []

[2]
LaTeX Font Info:    External font `cmex10' loaded for size
(Font)              <10.95> on input line 146.

Underfull \hbox (badness 10000) in paragraph at lines 161--168

 []


Underfull \hbox (badness 1281) in paragraph at lines 170--171
\OT1/ptm/m/n/10 The fol-low-ing pack-ages are in-com-pat-i-ble with aaai.sty
 []


Underfull \hbox (badness 3333) in paragraph at lines 210--214
[]\OT1/ptm/m/n/10 This com-mand is usu-al-ly suf-fi-cien-t to change the
 []


Underfull \hbox (badness 3965) in paragraph at lines 210--214
\OT1/ptm/m/n/10 for-mat. Some-times, how-ev-er, it may not work. Use
 []

[3]
Underfull \hbox (badness 4518) in paragraph at lines 222--224
\OT1/ptm/m/n/10 If y-our pa-per is too long, turn on \OMS/cmsy/m/n/10 n\OT1/ptm
/m/n/10 frenchspacing,
 []


Underfull \hbox (badness 7851) in paragraph at lines 222--224
\OT1/ptm/m/n/10 the size of y-our graph-ic-s. Use \OMS/cmsy/m/n/10 n\OT1/ptm/m/
n/10 centering in-stead
 []


Underfull \hbox (badness 7963) in paragraph at lines 222--224
\OT1/ptm/m/n/10 of \OMS/cmsy/m/n/10 n\OT1/ptm/m/n/10 begin\OMS/cmsy/m/n/10 f\OT
1/ptm/m/n/10 center\OMS/cmsy/m/n/10 g \OT1/ptm/m/n/10 in y-our fig-ure en-vi-ro
n-men-t. For
 []


Underfull \hbox (badness 1057) in paragraph at lines 222--224
\OT1/ptm/m/n/10 math-e-mat-i-cal en-vi-ron-ments, y-ou may min-i-mal-ly re-duce

 []


Underfull \hbox (badness 2035) in paragraph at lines 225--226
\OT1/ptm/m/n/10 in-clude \OMS/cmsy/m/n/10 n\OT1/ptm/m/n/10 columnsep, \OMS/cmsy
/m/n/10 n\OT1/ptm/m/n/10 topmargin, \OMS/cmsy/m/n/10 n\OT1/ptm/m/n/10 topskip, 
\OMS/cmsy/m/n/10 n\OT1/ptm/m/n/10 textheight,
 []

LaTeX Font Info:    Font shape `OT1/ptm/bx/n' in size <7> not available
(Font)              Font shape `OT1/ptm/b/n' tried instead on input line 245.

Underfull \hbox (badness 1281) in paragraph at lines 245--247
\OT1/ptm/m/n/10 pa-per (y-ou can-not use it for the tex-t) y-ou may need
 []

[4]
Underfull \hbox (badness 1092) in paragraph at lines 298--301
\OT1/ptm/m/n/10 If the ti-tle and au-thor in-for-ma-tion does not fit in the
 []

LaTeX Font Info:    Try loading font information for OT1+pcr on input line 303.

(C:\CTEX\MiKTeX\tex\latex\psnfss\ot1pcr.fd
File: ot1pcr.fd 2001/06/04 font definitions for OT1/pcr.
)
Underfull \hbox (badness 1231) in paragraph at lines 303--306
\OT1/ptm/m/n/10 The copy-right no-tice au-to-mat-i-cal-ly ap-pears if y-ou use
 []

Missing character: There is no ï in font ptmr7t!
Missing character: There is no ¿ in font ptmr7t!
Missing character: There is no ½ in font ptmr7t!
Missing character: There is no ï in font ptmr7t!
Missing character: There is no ¿ in font ptmr7t!
Missing character: There is no ½ in font ptmr7t!
[5]
Underfull \hbox (badness 2158) in paragraph at lines 360--361
 \OT1/ptm/b/n/10 Ap-pen-dices. \OT1/ptm/m/n/10 Any ap-pen-dices fol-low the ac-
knowl-edg-
 []


Underfull \hbox (badness 2035) in paragraph at lines 363--364
 \OT1/ptm/b/n/10 Ref-er-ences \OT1/ptm/m/n/10 The ref-er-ences sec-tion should 
be la-beled
 []


Underfull \hbox (badness 10000) in paragraph at lines 371--372
 \OT1/ptm/b/n/10 Low-Resolution Bitmap-s. \OT1/ptm/m/n/10 Y-ou may not use low-

 []


Underfull \hbox (badness 5403) in paragraph at lines 371--372
\OT1/ptm/m/n/10 resolution (such as 72 d-pi) screen-dumps and GIF
 []

[6] [7]
Underfull \hbox (badness 1087) in paragraph at lines 496--497
\OT1/ptm/m/n/10 2002/08/13) about ob-tain-ing cor-rec-t P-S/PDF out-put on
 []

[8] (C:\Users\ylzhang\Desktop\SAT\formatting-instructions-latex.aux) ) 
Here is how much of TeX's memory you used:
 451 strings out of 495354
 5829 string characters out of 3183858
 59659 words of memory out of 3000000
 3649 multiletter control sequences out of 15000+200000
 32301 words of font info for 63 fonts, out of 3000000 for 9000
 14 hyphenation exceptions out of 8191
 23i,10n,20p,1031b,242s stack positions out of 5000i,500n,10000p,200000b,50000s
{C:/CTEX/
MiKTeX/fonts/enc/dvips/fontname/8r.enc}<C:/CTEX/MiKTeX/fonts/type1/public/amsfo
nts/cm/cmsy10.pfb><C:/CTEX/MiKTeX/fonts/type1/public/amsfonts/cm/cmsy9.pfb><C:/
CTEX/MiKTeX/fonts/type1/urw/courier/ucrr8a.pfb><C:/CTEX/MiKTeX/fonts/type1/urw/
times/utmb8a.pfb><C:/CTEX/MiKTeX/fonts/type1/urw/times/utmr8a.pfb><C:/CTEX/MiKT
eX/fonts/type1/urw/times/utmri8a.pfb>
Output written on formatting-instructions-latex.pdf (8 pages, 112666 bytes).
PDF statistics:
 54 PDF objects out of 1000 (max. 8388607)
 0 named destinations out of 1000 (max. 500000)
 1 words of extra memory for PDF output out of 10000 (max. 10000000)

